<?xml version="1.0" encoding="UTF-8"?>
<testng-results skipped="0" failed="0" ignored="0" total="1" passed="1">
  <reporter-output>
    <line>
      <![CDATA[user is able to cature the screenshot reports]]>
    </line>
    <line>
      <![CDATA[html screenshots are generated]]>
    </line>
  </reporter-output>
  <suite name="Default suite" duration-ms="17923" started-at="2020-03-27T02:19:52Z" finished-at="2020-03-27T02:20:10Z">
    <groups>
    </groups>
    <test name="Default test" duration-ms="17923" started-at="2020-03-27T02:19:52Z" finished-at="2020-03-27T02:20:10Z">
      <class name="com.TestRunner.ExcutionWndowOfHtmlReports">
        <test-method status="PASS" signature="getHtmlReports()[pri:0, instance:com.TestRunner.ExcutionWndowOfHtmlReports@5442a311]" name="getHtmlReports" is-config="true" duration-ms="488" started-at="2020-03-27T02:19:51Z" finished-at="2020-03-27T02:19:52Z">
          <reporter-output>
          </reporter-output>
        </test-method> <!-- getHtmlReports -->
        <test-method status="PASS" signature="Testexecution()[pri:0, instance:com.TestRunner.ExcutionWndowOfHtmlReports@5442a311]" name="Testexecution" duration-ms="16366" started-at="2020-03-27T02:19:52Z" finished-at="2020-03-27T02:20:08Z">
          <reporter-output>
          </reporter-output>
        </test-method> <!-- Testexecution -->
        <test-method status="PASS" signature="captureTheHtmlScreenShotsReports(org.testng.ITestResult)[pri:0, instance:com.TestRunner.ExcutionWndowOfHtmlReports@5442a311]" name="captureTheHtmlScreenShotsReports" is-config="true" duration-ms="1530" started-at="2020-03-27T02:20:08Z" finished-at="2020-03-27T02:20:10Z">
          <params>
            <param index="0">
              <value>
                <![CDATA[[TestResult name=Testexecution status=SUCCESS method=ExcutionWndowOfHtmlReports.Testexecution()[pri:0, instance:com.TestRunner.ExcutionWndowOfHtmlReports@5442a311] output={null}]]]>
              </value>
            </param>
          </params>
          <reporter-output>
            <line>
              <![CDATA[user is able to cature the screenshot reports]]>
            </line>
            <line>
              <![CDATA[html screenshots are generated]]>
            </line>
          </reporter-output>
        </test-method> <!-- captureTheHtmlScreenShotsReports -->
      </class> <!-- com.TestRunner.ExcutionWndowOfHtmlReports -->
    </test> <!-- Default test -->
  </suite> <!-- Default suite -->
</testng-results>
